<?xml version="1.0" encoding="UTF-8"?><testsuite errors="1" failures="0" name="Test Case scenario for Services Page" skipped="0" tests="1" time="25.29" timestamp="2023-04-07 11:58:17"><testcase name="User try to login to the SRK homepage with valid ID and password"><error message="Timed out after 2 seconds. Element not found&#10;For documentation on this error, please visit: https://selenium.dev/exceptions/#no_such_element&#10;Build info: version: '4.8.1', revision: '8ebccac989'&#10;System info: os.name: 'Windows 10', os.arch: 'amd64', os.version: '10.0', java.version: '11.0.18'&#10;Driver info: driver.version: RemoteWebDriver&#10;For documentation on this error, please visit: https://selenium.dev/exceptions/#no_such_element&#10;Build info: version: '4.8.1', revision: '8ebccac989'&#10;System info: os.name: 'Windows 10', os.arch: 'amd64', os.version: '10.0', java.version: '11.0.18'&#10;Driver info: driver.version: unknown" type="org.openqa.selenium.NoSuchElementException">Timed out after 2 seconds. Element not found
For documentation on this error, please visit: https://selenium.dev/exceptions/#no_such_element
Build info: version: '4.8.1', revision: '8ebccac989'
System info: os.name: 'Windows 10', os.arch: 'amd64', os.version: '10.0', java.version: '11.0.18'
Driver info: driver.version: RemoteWebDriver
For documentation on this error, please visit: https://selenium.dev/exceptions/#no_such_element
Build info: version: '4.8.1', revision: '8ebccac989'
System info: os.name: 'Windows 10', os.arch: 'amd64', os.version: '10.0', java.version: '11.0.18'
Driver info: driver.version: unknown</error><system-err>Timed out after 2 seconds. Element not found
For documentation on this error, please visit: https://selenium.dev/exceptions/#no_such_element
Build info: version: '4.8.1', revision: '8ebccac989'
System info: os.name: 'Windows 10', os.arch: 'amd64', os.version: '10.0', java.version: '11.0.18'
Driver info: driver.version: RemoteWebDriver
For documentation on this error, please visit: https://selenium.dev/exceptions/#no_such_element
Build info: version: '4.8.1', revision: '8ebccac989'
System info: os.name: 'Windows 10', os.arch: 'amd64', os.version: '10.0', java.version: '11.0.18'
Driver info: driver.version: unknown&#13;
show.util.UtilFactory.executeScript(UtilFactory.java:66)&#13;
show.util.UtilFactory.highlight(UtilFactory.java:62)&#13;
show.ui.ServicePage.enterdetails(ServicePage.java:73)&#13;
StepDef.ServiceStepDef.userShouldNavigateToServicesPage(ServiceStepDef.java:35)&#13;
✽.User should navigate to Services Page(file:///C:/Users/Aryan.Pandey/Downloads/Demo-automation/Easy_Appointments/src/test/resources/features/services.feature:9)&#13;
</system-err></testcase></testsuite>