<?xml version="1.0" encoding="UTF-8"?><testsuite errors="0" failures="0" name="Login Scenarios of Easy Appointments Website" skipped="0" tests="4" time="39.63" timestamp="2023-03-30 12:27:21"><testcase name="User try to login without entering password"/><testcase name="User try to login without entering username and password"/><testcase name="User try to login by entering password with capital alphabets"/><testcase name="User try to login to easy automation website by entering valid username and password"/></testsuite>