<?xml version="1.0" encoding="UTF-8"?><testsuite errors="8" failures="0" name="Login Scenarios of Easy Appointments Website" skipped="0" tests="8" time="1.75" timestamp="2023-03-30 01:06:15"><testcase name="User will try to login with wrong username"><error message="Cannot invoke &quot;String.equals(Object)&quot; because the return value of &quot;java.lang.System.getProperty(String)&quot; is null" type="java.lang.NullPointerException">Cannot invoke "String.equals(Object)" because the return value of "java.lang.System.getProperty(String)" is null</error><system-err>Cannot invoke "String.equals(Object)" because the return value of "java.lang.System.getProperty(String)" is null&#13;
show.constants.URLConstants.setUrl(URLConstants.java:18)&#13;
show.ui.LoginPage.openUrl(LoginPage.java:53)&#13;
StepDef.LoginStepDef.user_enters_username_and_password(LoginStepDef.java:56)&#13;
✽.User enters username and password(file:///C:/Users/Aryan.Pandey/Downloads/Demo-automation/Easy_Appointments/src/test/resources/features/login.feature:8)&#13;
</system-err></testcase><testcase name="User will try to login with wrong password"><error message="Cannot invoke &quot;String.equals(Object)&quot; because the return value of &quot;java.lang.System.getProperty(String)&quot; is null" type="java.lang.NullPointerException">Cannot invoke "String.equals(Object)" because the return value of "java.lang.System.getProperty(String)" is null</error><system-err>Cannot invoke "String.equals(Object)" because the return value of "java.lang.System.getProperty(String)" is null&#13;
show.constants.URLConstants.setUrl(URLConstants.java:18)&#13;
show.ui.LoginPage.openUrl(LoginPage.java:53)&#13;
StepDef.LoginStepDef.user_enters_username_and_password(LoginStepDef.java:56)&#13;
✽.User enters username and password(file:///C:/Users/Aryan.Pandey/Downloads/Demo-automation/Easy_Appointments/src/test/resources/features/login.feature:17)&#13;
</system-err></testcase><testcase name="User will try to login with wrong username and wrong password"><error message="Cannot invoke &quot;String.equals(Object)&quot; because the return value of &quot;java.lang.System.getProperty(String)&quot; is null" type="java.lang.NullPointerException">Cannot invoke "String.equals(Object)" because the return value of "java.lang.System.getProperty(String)" is null</error><system-err>Cannot invoke "String.equals(Object)" because the return value of "java.lang.System.getProperty(String)" is null&#13;
show.constants.URLConstants.setUrl(URLConstants.java:18)&#13;
show.ui.LoginPage.openUrl(LoginPage.java:53)&#13;
StepDef.LoginStepDef.user_enters_username_and_password(LoginStepDef.java:56)&#13;
✽.User enters username and password(file:///C:/Users/Aryan.Pandey/Downloads/Demo-automation/Easy_Appointments/src/test/resources/features/login.feature:26)&#13;
</system-err></testcase><testcase name="User try to login without entering username"><error message="Cannot invoke &quot;String.equals(Object)&quot; because the return value of &quot;java.lang.System.getProperty(String)&quot; is null" type="java.lang.NullPointerException">Cannot invoke "String.equals(Object)" because the return value of "java.lang.System.getProperty(String)" is null</error><system-err>Cannot invoke "String.equals(Object)" because the return value of "java.lang.System.getProperty(String)" is null&#13;
show.constants.URLConstants.setUrl(URLConstants.java:18)&#13;
show.ui.LoginPage.openUrl(LoginPage.java:53)&#13;
StepDef.LoginStepDef.user_enters_username_and_password(LoginStepDef.java:56)&#13;
✽.User enters username and password(file:///C:/Users/Aryan.Pandey/Downloads/Demo-automation/Easy_Appointments/src/test/resources/features/login.feature:35)&#13;
</system-err></testcase><testcase name="User try to login without entering password"><error message="Cannot invoke &quot;String.equals(Object)&quot; because the return value of &quot;java.lang.System.getProperty(String)&quot; is null" type="java.lang.NullPointerException">Cannot invoke "String.equals(Object)" because the return value of "java.lang.System.getProperty(String)" is null</error><system-err>Cannot invoke "String.equals(Object)" because the return value of "java.lang.System.getProperty(String)" is null&#13;
show.constants.URLConstants.setUrl(URLConstants.java:18)&#13;
show.ui.LoginPage.openUrl(LoginPage.java:53)&#13;
StepDef.LoginStepDef.user_enters_username_and_password(LoginStepDef.java:56)&#13;
✽.User enters username and password(file:///C:/Users/Aryan.Pandey/Downloads/Demo-automation/Easy_Appointments/src/test/resources/features/login.feature:44)&#13;
</system-err></testcase><testcase name="User try to login without entering username and password"><error message="Cannot invoke &quot;String.equals(Object)&quot; because the return value of &quot;java.lang.System.getProperty(String)&quot; is null" type="java.lang.NullPointerException">Cannot invoke "String.equals(Object)" because the return value of "java.lang.System.getProperty(String)" is null</error><system-err>Cannot invoke "String.equals(Object)" because the return value of "java.lang.System.getProperty(String)" is null&#13;
show.constants.URLConstants.setUrl(URLConstants.java:18)&#13;
show.ui.LoginPage.openUrl(LoginPage.java:53)&#13;
StepDef.LoginStepDef.user_enters_username_and_password(LoginStepDef.java:56)&#13;
✽.User enters username and password(file:///C:/Users/Aryan.Pandey/Downloads/Demo-automation/Easy_Appointments/src/test/resources/features/login.feature:53)&#13;
</system-err></testcase><testcase name="User try to login by entering password with capital alphabets"><error message="Cannot invoke &quot;String.equals(Object)&quot; because the return value of &quot;java.lang.System.getProperty(String)&quot; is null" type="java.lang.NullPointerException">Cannot invoke "String.equals(Object)" because the return value of "java.lang.System.getProperty(String)" is null</error><system-err>Cannot invoke "String.equals(Object)" because the return value of "java.lang.System.getProperty(String)" is null&#13;
show.constants.URLConstants.setUrl(URLConstants.java:18)&#13;
show.ui.LoginPage.openUrl(LoginPage.java:53)&#13;
StepDef.LoginStepDef.user_enters_username_and_password(LoginStepDef.java:56)&#13;
✽.User enters username and password(file:///C:/Users/Aryan.Pandey/Downloads/Demo-automation/Easy_Appointments/src/test/resources/features/login.feature:62)&#13;
</system-err></testcase><testcase name="User try to login to easy automation website by entering valid username and password"><error message="Cannot invoke &quot;String.equals(Object)&quot; because the return value of &quot;java.lang.System.getProperty(String)&quot; is null" type="java.lang.NullPointerException">Cannot invoke "String.equals(Object)" because the return value of "java.lang.System.getProperty(String)" is null</error><system-err>Cannot invoke "String.equals(Object)" because the return value of "java.lang.System.getProperty(String)" is null&#13;
show.constants.URLConstants.setUrl(URLConstants.java:18)&#13;
show.ui.LoginPage.openUrl(LoginPage.java:53)&#13;
StepDef.LoginStepDef.user_enters_username_and_password(LoginStepDef.java:56)&#13;
✽.User enters username and password(file:///C:/Users/Aryan.Pandey/Downloads/Demo-automation/Easy_Appointments/src/test/resources/features/login.feature:71)&#13;
</system-err></testcase></testsuite>