<?xml version="1.0" encoding="UTF-8"?><testsuite errors="0" failures="0" name="Login Scenarios of Easy Appointments Website" skipped="0" tests="8" time="73.5" timestamp="2023-04-03 12:12:10"><testcase name="User will try to login with wrong username"/><testcase name="User will try to login with wrong password"/><testcase name="User will try to login with wrong username and wrong password"/><testcase name="User try to login without entering username"/><testcase name="User try to login without entering password"/><testcase name="User try to login without entering username and password"/><testcase name="User try to login by entering password with capital alphabets"/><testcase name="User try to login to easy automation website by entering valid username and password"/></testsuite>