<?xml version="1.0" encoding="UTF-8"?><testsuite errors="0" failures="0" name="Login Scenarios of Easy Appointments Website" skipped="8" tests="8" time="0.98" timestamp="2023-03-23 01:25:09"><testcase name="User will try to login with wrong username"><skipped/></testcase><testcase name="User will try to login with wrong password"><skipped/></testcase><testcase name="User will try to login with wrong username and wrong password"><skipped/></testcase><testcase name="User try to login without entering username"><skipped/></testcase><testcase name="User try to login without entering password"><skipped/></testcase><testcase name="User try to login without entering username and password"><skipped/></testcase><testcase name="User try to login by entering password with capital alphabets"><skipped/></testcase><testcase name="User try to login to easy automation website by entering valid username and password"><skipped/></testcase></testsuite>